Build started 2/4/2011 3:09:47 PM.
     1>Project "C:\projects\iaccessible\ext\iasupport\iasupport\iasupport.vcxproj" on node 2 (build target(s)).
     1>InitializeBuildStatus:
         Creating "Release\iasupport.unsuccessfulbuild" because "AlwaysCreate" was specified.
       ClCompile:
         All outputs are up-to-date.
         All outputs are up-to-date.
         C:\Program Files\Microsoft Visual Studio 10.0\VC\bin\CL.exe /c /Zi /nologo /W3 /WX- /O2 /Oi /Oy- /GL /D WIN32 /D NDEBUG /D _WINDOWS /D _USRDLL /D IASUPPORT_EXPORTS /D _WINDLL /D _UNICODE /D UNICODE /Gm- /EHsc /MD /GS /Gy /fp:precise /Zc:wchar_t /Zc:forScope /Yu"StdAfx.h" /Fp"Release\iasupport.pch" /Fo"Release\\" /Fd"Release\vc100.pdb" /Gd /TP /analyze- /errorReport:prompt iasupport.cpp
         iasupport.cpp
     1>iasupport.cpp(76): warning C4996: 'strncpy': This function or variable may be unsafe. Consider using strncpy_s instead. To disable deprecation, use _CRT_SECURE_NO_WARNINGS. See online help for details.
                 C:\Program Files\Microsoft Visual Studio 10.0\VC\include\string.h(188) : see declaration of 'strncpy'
       Link:
         C:\Program Files\Microsoft Visual Studio 10.0\VC\bin\link.exe /ERRORREPORT:PROMPT /OUT:"C:\projects\iaccessible\ext\iasupport\Release\iasupport.dll" /INCREMENTAL:NO /NOLOGO comsuppw.lib kernel32.lib user32.lib gdi32.lib winspool.lib comdlg32.lib advapi32.lib shell32.lib ole32.lib oleaut32.lib uuid.lib odbc32.lib odbccp32.lib kernel32.lib user32.lib gdi32.lib winspool.lib comdlg32.lib advapi32.lib shell32.lib ole32.lib oleaut32.lib uuid.lib odbc32.lib odbccp32.lib /MANIFEST /ManifestFile:"Release\iasupport.dll.intermediate.manifest" /MANIFESTUAC:"level='asInvoker' uiAccess='false'" /DEBUG /PDB:"C:\projects\iaccessible\ext\iasupport\Release\iasupport.pdb" /SUBSYSTEM:WINDOWS /OPT:REF /OPT:ICF /LTCG /TLBID:1 /DYNAMICBASE /NXCOMPAT /IMPLIB:"C:\projects\iaccessible\ext\iasupport\Release\iasupport.lib" /MACHINE:X86 /DLL Release\dllmain.obj
         Release\iasupport.obj
         Release\stdafx.obj
            Creating library C:\projects\iaccessible\ext\iasupport\Release\iasupport.lib and object C:\projects\iaccessible\ext\iasupport\Release\iasupport.exp
         Generating code
         Finished generating code
         iasupport.vcxproj -> C:\projects\iaccessible\ext\iasupport\Release\iasupport.dll
       Manifest:
         C:\Program Files\Microsoft SDKs\Windows\v7.0A\bin\mt.exe /nologo /verbose /outputresource:"C:\projects\iaccessible\ext\iasupport\Release\iasupport.dll;#2" /manifest Release\iasupport.dll.intermediate.manifest
       FinalizeBuildStatus:
         Deleting file "Release\iasupport.unsuccessfulbuild".
         Touching "Release\iasupport.lastbuildstate".
     1>Done Building Project "C:\projects\iaccessible\ext\iasupport\iasupport\iasupport.vcxproj" (build target(s)).

Build succeeded.

Time Elapsed 00:00:00.37
